<?xml version="1.0" encoding="UTF-8"?>
<testsuite xmlns:xsi="http://www.w3.org/2001/XMLSchema-instance" xsi:noNamespaceSchemaLocation="https://maven.apache.org/surefire/maven-surefire-plugin/xsd/surefire-test-report.xsd" version="3.0.2" name="com.example.QbankTest" time="0.847" tests="1" errors="0" skipped="0" failures="0">
  <properties>
[...]
</properties>
  <testcase name="testItWorks" classname="com.example.QbankTest" time="0.023">
    <system-out><![CDATA[&amp#27;[36m12:28:18.861&amp#27;[0;39m &amp#27;[1;30m[main]&amp#27;[0;39m &amp#27;[34mINFO &amp#27;[0;39m &amp#27;[35mi.m.c.DefaultApplicationContext$RuntimeConfiguredEnvironment&amp#27;[0;39m - Established active environments: [test]
]]></system-out>
  </testcase>
</testsuite>